<?xml version="1.0" encoding="UTF-8"?>
<testsuite xmlns:xsi="http://www.w3.org/2001/XMLSchema-instance" xsi:noNamespaceSchemaLocation="https://maven.apache.org/surefire/maven-surefire-plugin/xsd/surefire-test-report.xsd" name="com.example.MyServiceTest" time="0.479" tests="1" errors="0" skipped="0" failures="0">
  <properties>
    <property name="java.specification.version" value="24"/>
    <property name="sun.cpu.isalist" value="amd64"/>
    <property name="sun.jnu.encoding" value="Cp1252"/>
    <property name="java.class.path" value="D:\Cognizant tasks\week 2\Verifying Interactions\demo\target\test-classes;D:\Cognizant tasks\week 2\Verifying Interactions\demo\target\classes;C:\Users\Madan\.m2\repository\org\junit\jupiter\junit-jupiter-api\5.7.2\junit-jupiter-api-5.7.2.jar;C:\Users\Madan\.m2\repository\org\apiguardian\apiguardian-api\1.1.0\apiguardian-api-1.1.0.jar;C:\Users\Madan\.m2\repository\org\opentest4j\opentest4j\1.2.0\opentest4j-1.2.0.jar;C:\Users\Madan\.m2\repository\org\junit\platform\junit-platform-commons\1.7.2\junit-platform-commons-1.7.2.jar;C:\Users\Madan\.m2\repository\org\junit\jupiter\junit-jupiter-engine\5.7.2\junit-jupiter-engine-5.7.2.jar;C:\Users\Madan\.m2\repository\org\junit\platform\junit-platform-engine\1.7.2\junit-platform-engine-1.7.2.jar;C:\Users\Madan\.m2\repository\org\mockito\mockito-core\4.6.1\mockito-core-4.6.1.jar;C:\Users\Madan\.m2\repository\net\bytebuddy\byte-buddy\1.12.10\byte-buddy-1.12.10.jar;C:\Users\Madan\.m2\repository\net\bytebuddy\byte-buddy-agent\1.12.10\byte-buddy-agent-1.12.10.jar;C:\Users\Madan\.m2\repository\org\objenesis\objenesis\3.2\objenesis-3.2.jar;"/>
    <property name="java.vm.vendor" value="Oracle Corporation"/>
    <property name="sun.arch.data.model" value="64"/>
    <property name="user.variant" value=""/>
    <property name="java.vendor.url" value="https://java.oracle.com/"/>
    <property name="user.timezone" value="Asia/Calcutta"/>
    <property name="os.name" value="Windows 11"/>
    <property name="java.vm.specification.version" value="24"/>
    <property name="sun.java.launcher" value="SUN_STANDARD"/>
    <property name="user.country" value="US"/>
    <property name="sun.boot.library.path" value="C:\Program Files\Java\jdk-24\bin"/>
    <property name="sun.java.command" value="C:\Users\Madan\AppData\Local\Temp\surefire1508294060882996656\surefirebooter15852859064158976877.jar C:\Users\Madan\AppData\Local\Temp\surefire1508294060882996656 2025-06-29T10-06-37_487-jvmRun1 surefire1182492892551141124tmp surefire_016384611533705561369tmp"/>
    <property name="jdk.debug" value="release"/>
    <property name="surefire.test.class.path" value="D:\Cognizant tasks\week 2\Verifying Interactions\demo\target\test-classes;D:\Cognizant tasks\week 2\Verifying Interactions\demo\target\classes;C:\Users\Madan\.m2\repository\org\junit\jupiter\junit-jupiter-api\5.7.2\junit-jupiter-api-5.7.2.jar;C:\Users\Madan\.m2\repository\org\apiguardian\apiguardian-api\1.1.0\apiguardian-api-1.1.0.jar;C:\Users\Madan\.m2\repository\org\opentest4j\opentest4j\1.2.0\opentest4j-1.2.0.jar;C:\Users\Madan\.m2\repository\org\junit\platform\junit-platform-commons\1.7.2\junit-platform-commons-1.7.2.jar;C:\Users\Madan\.m2\repository\org\junit\jupiter\junit-jupiter-engine\5.7.2\junit-jupiter-engine-5.7.2.jar;C:\Users\Madan\.m2\repository\org\junit\platform\junit-platform-engine\1.7.2\junit-platform-engine-1.7.2.jar;C:\Users\Madan\.m2\repository\org\mockito\mockito-core\4.6.1\mockito-core-4.6.1.jar;C:\Users\Madan\.m2\repository\net\bytebuddy\byte-buddy\1.12.10\byte-buddy-1.12.10.jar;C:\Users\Madan\.m2\repository\net\bytebuddy\byte-buddy-agent\1.12.10\byte-buddy-agent-1.12.10.jar;C:\Users\Madan\.m2\repository\org\objenesis\objenesis\3.2\objenesis-3.2.jar;"/>
    <property name="sun.cpu.endian" value="little"/>
    <property name="user.home" value="C:\Users\Madan"/>
    <property name="user.language" value="en"/>
    <property name="java.specification.vendor" value="Oracle Corporation"/>
    <property name="java.version.date" value="2025-04-15"/>
    <property name="java.home" value="C:\Program Files\Java\jdk-24"/>
    <property name="file.separator" value="\"/>
    <property name="basedir" value="D:\Cognizant tasks\week 2\Verifying Interactions\demo"/>
    <property name="java.vm.compressedOopsMode" value="Zero based"/>
    <property name="line.separator" value="&#10;"/>
    <property name="java.vm.specification.vendor" value="Oracle Corporation"/>
    <property name="java.specification.name" value="Java Platform API Specification"/>
    <property name="surefire.real.class.path" value="C:\Users\Madan\AppData\Local\Temp\surefire1508294060882996656\surefirebooter15852859064158976877.jar"/>
    <property name="user.script" value=""/>
    <property name="sun.management.compiler" value="HotSpot 64-Bit Tiered Compilers"/>
    <property name="java.runtime.version" value="24.0.1+9-30"/>
    <property name="user.name" value="Madan"/>
    <property name="stdout.encoding" value="Cp1252"/>
    <property name="path.separator" value=";"/>
    <property name="os.version" value="10.0"/>
    <property name="java.runtime.name" value="Java(TM) SE Runtime Environment"/>
    <property name="file.encoding" value="UTF-8"/>
    <property name="java.vm.name" value="Java HotSpot(TM) 64-Bit Server VM"/>
    <property name="localRepository" value="C:\Users\Madan\.m2\repository"/>
    <property name="java.vendor.url.bug" value="https://bugreport.java.com/bugreport/"/>
    <property name="java.io.tmpdir" value="C:\Users\Madan\AppData\Local\Temp\"/>
    <property name="java.version" value="24.0.1"/>
    <property name="user.dir" value="D:\Cognizant tasks\week 2\Verifying Interactions\demo"/>
    <property name="os.arch" value="amd64"/>
    <property name="java.vm.specification.name" value="Java Virtual Machine Specification"/>
    <property name="sun.os.patch.level" value=""/>
    <property name="native.encoding" value="Cp1252"/>
    <property name="java.library.path" value="C:\Program Files\Java\jdk-24\bin;C:\WINDOWS\Sun\Java\bin;C:\WINDOWS\system32;C:\WINDOWS;C:\Program Files\PowerShell\7;C:\Program Files\Common Files\Oracle\Java\javapath;C:\Program Files\Zulu\zulu-24\bin\;c:\program files\nvidia gpu computing toolkit\cuda\v12.6\bin;c:\program files\nvidia gpu computing toolkit\cuda\v12.6\libnvvp;c:\program files (x86)\common files\intel\shared libraries\redist\intel64\compiler;c:\program files (x86)\vmware\vmware player\bin\;c:\windows\system32;c:\windows;c:\windows\system32\wbem;c:\windows\system32\windowspowershell\v1.0\;c:\windows\system32\openssh\;c:\windows\system32;c:\windows;c:\windows\system32\wbem;c:\windows\system32\windowspowershell\v1.0\;c:\windows\system32\openssh\;c:\program files\git\cmd;c:\src\dart-sdk\bin;c:\users\madan\appdata\local\programs\microsoft vs code\bin;c:\mingw\bin;c:\src\flutter\bin;c:\users\madan\appdata\local\android;c:\users\madan\appdata\local\pub\cache\bin;c:\users\madan\appdata\roaming\npm;c:\adb;rotocol_buffers_python_implementation=python;c:\program files\dotnet\;c:\users\madan\appdata\roaming\nvm;c:\program files\nodejs;c:\program files (x86)\zerotier\one\;c:\program files\nvidia corporation\nvidia app\nvdlisr;c:\hadoop\bin;c:\hadoop\sbin;c:\program files\java\jdk-17\bin;c:\program files\nvidia corporation\nsight compute 2024.3.2\;c:\program files\micron technology\micron storage executive;c:\program files\crucial\crucial storage executive;c:\program files\idm computer solutions\ultraedit;C:\Program Files (x86)\NVIDIA Corporation\PhysX\Common;C:\Program Files\PowerShell\7\;C:\Program Files\Cloudflare\Cloudflare WARP\;C:\Users\Madan\AppData\Local\Programs\Python\Python310\Scripts\;C:\Users\Madan\AppData\Local\Programs\Python\Python310\;C:\Program Files\MySQL\MySQL Shell 8.0\bin\;C:\Users\Madan\AppData\Local\Programs\Microsoft VS Code\bin;C:\MinGW\bin;C:\Users\Madan\AppData\Local\Android;C:\Program Files\R\R-4.4.2\bin;C:\Users\Madan\AppData\Roaming\npm;C:\Users\Madan\AppData\Roaming\Pub\Cache\bin;C:\Users\Madan\PycharmProjects\chatbot\venv\Scripts;ROTOCOL_BUFFERS_PYTHON_IMPLEMENTATION=python;C:\Users\Madan\AppData\Local\Programs\mongosh\;C:\Users\Madan\AppData\Local\GitHubDesktop\bin;C:\Users\Madan\AppData\Roaming\nvm;C:\Program Files\nodejs;C:\Users\Madan\AppData\Local\Programs\Python\Python312;C:\Users\Madan\AppData\Local\Programs\Python\Python312\Scripts;C:\Users\Madan\AppData\Local\spicetify;C:\Users\Madan\AppData\Local\Microsoft\WindowsApps;C:\Hadoop\bin;C:\Program Files\Java\jdk-17\bin;E:\FlutterVersionManagement\flutter\bin;E:\FlutterVersionManagement\flutter\bin\cache\dart-sdk\bin;C:\Users\Madan\AppData\Local\PowerToys;C:\Users\Madan\AppData\Local\Microsoft\WinGet\Links;C:\Program Files\Apache\apache-maven-3.9.10\bin;;."/>
    <property name="java.vm.info" value="mixed mode, sharing"/>
    <property name="stderr.encoding" value="Cp1252"/>
    <property name="java.vendor" value="Oracle Corporation"/>
    <property name="java.vm.version" value="24.0.1+9-30"/>
    <property name="sun.io.unicode.encoding" value="UnicodeLittle"/>
    <property name="java.class.version" value="68.0"/>
  </properties>
  <testcase name="testVerifyInteraction" classname="com.example.MyServiceTest" time="0.471"/>
</testsuite>